# JRE version: 7.0_09-b05
# Java VM: Java HotSpot(TM) 64-Bit Server VM (23.5-b02 mixed mode bsd-amd64 compressed oops)
Heap
 def new generation   total 157376K, used 22614K [0x0000000110320000, 0x000000011ade0000, 0x0000000130320000)
  eden space 139904K,   3% used [0x0000000110320000, 0x0000000110825ae8, 0x0000000118bc0000)
  from space 17472K,  99% used [0x0000000118bc0000, 0x0000000119ccfff8, 0x0000000119cd0000)
  to   space 17472K,   0% used [0x0000000119cd0000, 0x0000000119cd0000, 0x000000011ade0000)
 tenured generation   total 349568K, used 81603K [0x0000000130320000, 0x0000000145880000, 0x0000000170320000)
   the space 349568K,  23% used [0x0000000130320000, 0x00000001352d0f50, 0x00000001352d1000, 0x0000000145880000)
 compacting perm gen  total 110272K, used 110140K [0x0000000170320000, 0x0000000176ed0000, 0x0000000188320000)
   the space 110272K,  99% used [0x0000000170320000, 0x0000000176eaf2a8, 0x0000000176eaf400, 0x0000000176ed0000)
GC Heap History (10 events):
Event: 131.353 GC heap before
{Heap before GC invocations=23 (full 13):
 def new generation   total 157376K, used 91152K [0x0000000110320000, 0x000000011ade0000, 0x0000000130320000)
  eden space 139904K,  65% used [0x0000000110320000, 0x0000000115c24038, 0x0000000118bc0000)
  from space 17472K,   0% used [0x0000000118bc0000, 0x0000000118bc0000, 0x0000000119cd0000)
  to   space 17472K,   0% used [0x0000000119cd0000, 0x0000000119cd0000, 0x000000011ade0000)
 tenured generation   total 349568K, used 63953K [0x0000000130320000, 0x0000000145880000, 0x0000000170320000)
   the space 349568K,  18% used [0x0000000130320000, 0x0000000134194700, 0x0000000134194800, 0x0000000145880000)
 compacting perm gen  total 96832K, used 96831K [0x0000000170320000, 0x00000001761b0000, 0x0000000188320000)
   the space 96832K,  99% used [0x0000000170320000, 0x00000001761afff8, 0x00000001761b0000, 0x00000001761b0000)
No shared spaces configured.
Event: 131.853 GC heap after
Heap after GC invocations=24 (full 14):
 def new generation   total 157376K, used 0K [0x0000000110320000, 0x000000011ade0000, 0x0000000130320000)
  eden space 139904K,   0% used [0x0000000110320000, 0x0000000110320000, 0x0000000118bc0000)
  from space 17472K,   0% used [0x0000000118bc0000, 0x0000000118bc0000, 0x0000000119cd0000)
  to   space 17472K,   0% used [0x0000000119cd0000, 0x0000000119cd0000, 0x000000011ade0000)
 tenured generation   total 349568K, used 87145K [0x0000000130320000, 0x0000000145880000, 0x0000000170320000)
   the space 349568K,  24% used [0x0000000130320000, 0x000000013583a7b0, 0x000000013583a800, 0x0000000145880000)
 compacting perm gen  total 96832K, used 96831K [0x0000000170320000, 0x00000001761b0000, 0x0000000188320000)
   the space 96832K,  99% used [0x0000000170320000, 0x00000001761afff8, 0x00000001761b0000, 0x00000001761b0000)
No shared spaces configured.
}
Event: 135.962 GC heap before
{Heap before GC invocations=24 (full 14):
 def new generation   total 157376K, used 66074K [0x0000000110320000, 0x000000011ade0000, 0x0000000130320000)
  eden space 139904K,  47% used [0x0000000110320000, 0x00000001143a6960, 0x0000000118bc0000)
  from space 17472K,   0% used [0x0000000118bc0000, 0x0000000118bc0000, 0x0000000119cd0000)
  to   space 17472K,   0% used [0x0000000119cd0000, 0x0000000119cd0000, 0x000000011ade0000)
 tenured generation   total 349568K, used 87145K [0x0000000130320000, 0x0000000145880000, 0x0000000170320000)
   the space 349568K,  24% used [0x0000000130320000, 0x000000013583a7b0, 0x000000013583a800, 0x0000000145880000)
 compacting perm gen  total 102272K, used 102271K [0x0000000170320000, 0x0000000176700000, 0x0000000188320000)
   the space 102272K,  99% used [0x0000000170320000, 0x00000001766fff28, 0x0000000176700000, 0x0000000176700000)
No shared spaces configured.
Event: 136.433 GC heap after
Heap after GC invocations=25 (full 15):
 def new generation   total 157376K, used 0K [0x0000000110320000, 0x000000011ade0000, 0x0000000130320000)
  eden space 139904K,   0% used [0x0000000110320000, 0x0000000110320000, 0x0000000118bc0000)
  from space 17472K,   0% used [0x0000000118bc0000, 0x0000000118bc0000, 0x0000000119cd0000)
  to   space 17472K,   0% used [0x0000000119cd0000, 0x0000000119cd0000, 0x000000011ade0000)
 tenured generation   total 349568K, used 99464K [0x0000000130320000, 0x0000000145880000, 0x0000000170320000)
   the space 349568K,  28% used [0x0000000130320000, 0x00000001364422c8, 0x0000000136442400, 0x0000000145880000)
 compacting perm gen  total 102272K, used 102271K [0x0000000170320000, 0x0000000176700000, 0x0000000188320000)
   the space 102272K,  99% used [0x0000000170320000, 0x00000001766fff28, 0x0000000176700000, 0x0000000176700000)
No shared spaces configured.
}
Event: 145.590 GC heap before
{Heap before GC invocations=25 (full 15):
 def new generation   total 157376K, used 139904K [0x0000000110320000, 0x000000011ade0000, 0x0000000130320000)
  eden space 139904K, 100% used [0x0000000110320000, 0x0000000118bc0000, 0x0000000118bc0000)
  from space 17472K,   0% used [0x0000000118bc0000, 0x0000000118bc0000, 0x0000000119cd0000)
  to   space 17472K,   0% used [0x0000000119cd0000, 0x0000000119cd0000, 0x000000011ade0000)
 tenured generation   total 349568K, used 99464K [0x0000000130320000, 0x0000000145880000, 0x0000000170320000)
   the space 349568K,  28% used [0x0000000130320000, 0x00000001364422c8, 0x0000000136442400, 0x0000000145880000)
 compacting perm gen  total 105152K, used 105047K [0x0000000170320000, 0x00000001769d0000, 0x0000000188320000)
   the space 105152K,  99% used [0x0000000170320000, 0x00000001769b5dd8, 0x00000001769b5e00, 0x00000001769d0000)
No shared spaces configured.
Event: 145.692 GC heap after
Heap after GC invocations=26 (full 15):
 def new generation   total 157376K, used 17472K [0x0000000110320000, 0x000000011ade0000, 0x0000000130320000)
  eden space 139904K,   0% used [0x0000000110320000, 0x0000000110320000, 0x0000000118bc0000)
  from space 17472K, 100% used [0x0000000119cd0000, 0x000000011ade0000, 0x000000011ade0000)
  to   space 17472K,   0% used [0x0000000118bc0000, 0x0000000118bc0000, 0x0000000119cd0000)
 tenured generation   total 349568K, used 103707K [0x0000000130320000, 0x0000000145880000, 0x0000000170320000)
   the space 349568K,  29% used [0x0000000130320000, 0x0000000136866cb0, 0x0000000136866e00, 0x0000000145880000)
 compacting perm gen  total 105152K, used 105047K [0x0000000170320000, 0x00000001769d0000, 0x0000000188320000)
   the space 105152K,  99% used [0x0000000170320000, 0x00000001769b5dd8, 0x00000001769b5e00, 0x00000001769d0000)
No shared spaces configured.
}
Event: 148.303 GC heap before
{Heap before GC invocations=26 (full 15):
 def new generation   total 157376K, used 86108K [0x0000000110320000, 0x000000011ade0000, 0x0000000130320000)
  eden space 139904K,  49% used [0x0000000110320000, 0x0000000114627340, 0x0000000118bc0000)
  from space 17472K, 100% used [0x0000000119cd0000, 0x000000011ade0000, 0x000000011ade0000)
  to   space 17472K,   0% used [0x0000000118bc0000, 0x0000000118bc0000, 0x0000000119cd0000)
 tenured generation   total 349568K, used 103707K [0x0000000130320000, 0x0000000145880000, 0x0000000170320000)
   the space 349568K,  29% used [0x0000000130320000, 0x0000000136866cb0, 0x0000000136866e00, 0x0000000145880000)
 compacting perm gen  total 107712K, used 107711K [0x0000000170320000, 0x0000000176c50000, 0x0000000188320000)
   the space 107712K,  99% used [0x0000000170320000, 0x0000000176c4fff0, 0x0000000176c50000, 0x0000000176c50000)
No shared spaces configured.
Event: 148.747 GC heap after
Heap after GC invocations=27 (full 16):
 def new generation   total 157376K, used 0K [0x0000000110320000, 0x000000011ade0000, 0x0000000130320000)
  eden space 139904K,   0% used [0x0000000110320000, 0x0000000110320000, 0x0000000118bc0000)
  from space 17472K,   0% used [0x0000000119cd0000, 0x0000000119cd0000, 0x000000011ade0000)
  to   space 17472K,   0% used [0x0000000118bc0000, 0x0000000118bc0000, 0x0000000119cd0000)
 tenured generation   total 349568K, used 44255K [0x0000000130320000, 0x0000000145880000, 0x0000000170320000)
   the space 349568K,  12% used [0x0000000130320000, 0x0000000132e57eb0, 0x0000000132e58000, 0x0000000145880000)
 compacting perm gen  total 107712K, used 107679K [0x0000000170320000, 0x0000000176c50000, 0x0000000188320000)
   the space 107712K,  99% used [0x0000000170320000, 0x0000000176c47f28, 0x0000000176c48000, 0x0000000176c50000)
No shared spaces configured.
}
Event: 151.301 GC heap before
{Heap before GC invocations=27 (full 16):
 def new generation   total 157376K, used 139904K [0x0000000110320000, 0x000000011ade0000, 0x0000000130320000)
  eden space 139904K, 100% used [0x0000000110320000, 0x0000000118bc0000, 0x0000000118bc0000)
  from space 17472K,   0% used [0x0000000119cd0000, 0x0000000119cd0000, 0x000000011ade0000)
  to   space 17472K,   0% used [0x0000000118bc0000, 0x0000000118bc0000, 0x0000000119cd0000)
 tenured generation   total 349568K, used 44255K [0x0000000130320000, 0x0000000145880000, 0x0000000170320000)
   the space 349568K,  12% used [0x0000000130320000, 0x0000000132e57eb0, 0x0000000132e58000, 0x0000000145880000)
 compacting perm gen  total 109952K, used 109931K [0x0000000170320000, 0x0000000176e80000, 0x0000000188320000)
   the space 109952K,  99% used [0x0000000170320000, 0x0000000176e7ac00, 0x0000000176e7ac00, 0x0000000176e80000)
No shared spaces configured.
Event: 151.478 GC heap after
Heap after GC invocations=28 (full 16):
 def new generation   total 157376K, used 17471K [0x0000000110320000, 0x000000011ade0000, 0x0000000130320000)
  eden space 139904K,   0% used [0x0000000110320000, 0x0000000110320000, 0x0000000118bc0000)
  from space 17472K,  99% used [0x0000000118bc0000, 0x0000000119ccfff8, 0x0000000119cd0000)
  to   space 17472K,   0% used [0x0000000119cd0000, 0x0000000119cd0000, 0x000000011ade0000)
 tenured generation   total 349568K, used 81603K [0x0000000130320000, 0x0000000145880000, 0x0000000170320000)
   the space 349568K,  23% used [0x0000000130320000, 0x00000001352d0f50, 0x00000001352d1000, 0x0000000145880000)
 compacting perm gen  total 109952K, used 109931K [0x0000000170320000, 0x0000000176e80000, 0x0000000188320000)
   the space 109952K,  99% used [0x0000000170320000, 0x0000000176e7ac00, 0x0000000176e7ac00, 0x0000000176e80000)
No shared spaces configured.
}

